<?xml version="1.0" encoding="UTF-8"?>
<testng-results total="1" passed="0" failed="0" skipped="1">
  <reporter-output>
  </reporter-output>
  <suite started-at="2021-03-11T14:53:45Z" name="Default suite" finished-at="2021-03-11T14:53:46Z" duration-ms="477">
    <groups>
      <group name="cucumber">
        <method signature="AbstractTestNGCucumberTests.feature(cucumber.api.testng.CucumberFeatureWrapper)[pri:0, instance:com.e2eTests.whereitTest.TestRunner2@f99f5e0]" name="feature" class="cucumber.api.testng.AbstractTestNGCucumberTests"/>
      </group> <!-- cucumber -->
    </groups>
    <test started-at="2021-03-11T14:53:45Z" name="Default test" finished-at="2021-03-11T14:53:46Z" duration-ms="477">
      <class name="com.e2eTests.whereitTest.TestRunner2">
        <test-method is-config="true" signature="setUpClass()[pri:0, instance:com.e2eTests.whereitTest.TestRunner2@f99f5e0]" started-at="2021-03-11T15:53:45Z" name="setUpClass" finished-at="2021-03-11T15:53:46Z" duration-ms="234" status="PASS">
          <reporter-output>
          </reporter-output>
        </test-method> <!-- setUpClass -->
        <test-method is-config="true" signature="getDevice(java.lang.String)[pri:0, instance:com.e2eTests.whereitTest.TestRunner2@f99f5e0]" started-at="2021-03-11T15:53:46Z" name="getDevice" finished-at="2021-03-11T15:53:46Z" duration-ms="0" status="FAIL">
          <exception class="org.testng.TestNGException">
            <message>
              <![CDATA[
Parameter 'profileName' is required by @Configuration on method getDevice but has not been marked @Optional or defined
in C:\Users\Imen BEN AMMAR\AppData\Local\Temp\testng-eclipse-100229436\testng-customsuite.xml]]>
            </message>
            <full-stacktrace>
              <![CDATA[org.testng.TestNGException: 
Parameter 'profileName' is required by @Configuration on method getDevice but has not been marked @Optional or defined
in C:\Users\Imen BEN AMMAR\AppData\Local\Temp\testng-eclipse-100229436\testng-customsuite.xml
	at org.testng.internal.Parameters.createParameters(Parameters.java:154)
	at org.testng.internal.Parameters.createParameters(Parameters.java:361)
	at org.testng.internal.Parameters.createConfigurationParameters(Parameters.java:84)
	at org.testng.internal.Invoker.invokeConfigurations(Invoker.java:201)
	at org.testng.internal.Invoker.invokeConfigurations(Invoker.java:142)
	at org.testng.internal.TestMethodWorker.invokeBeforeClassMethods(TestMethodWorker.java:178)
	at org.testng.internal.TestMethodWorker.run(TestMethodWorker.java:108)
	at org.testng.TestRunner.privateRun(TestRunner.java:782)
	at org.testng.TestRunner.run(TestRunner.java:632)
	at org.testng.SuiteRunner.runTest(SuiteRunner.java:366)
	at org.testng.SuiteRunner.runSequentially(SuiteRunner.java:361)
	at org.testng.SuiteRunner.privateRun(SuiteRunner.java:319)
	at org.testng.SuiteRunner.run(SuiteRunner.java:268)
	at org.testng.SuiteRunnerWorker.runSuite(SuiteRunnerWorker.java:52)
	at org.testng.SuiteRunnerWorker.run(SuiteRunnerWorker.java:86)
	at org.testng.TestNG.runSuitesSequentially(TestNG.java:1244)
	at org.testng.TestNG.runSuitesLocally(TestNG.java:1169)
	at org.testng.TestNG.run(TestNG.java:1064)
	at org.testng.remote.AbstractRemoteTestNG.run(AbstractRemoteTestNG.java:115)
	at org.testng.remote.RemoteTestNG.initAndRun(RemoteTestNG.java:251)
	at org.testng.remote.RemoteTestNG.main(RemoteTestNG.java:77)
]]>
            </full-stacktrace>
          </exception> <!-- org.testng.TestNGException -->
          <reporter-output>
          </reporter-output>
        </test-method> <!-- getDevice -->
        <test-method signature="feature(cucumber.api.testng.CucumberFeatureWrapper)[pri:0, instance:com.e2eTests.whereitTest.TestRunner2@f99f5e0]" started-at="2021-03-11T15:53:46Z" name="feature" description="Runs Cucumber Feature" data-provider="features" finished-at="2021-03-11T15:53:46Z" duration-ms="2" status="SKIP">
          <params>
            <param index="0">
              <value>
                <![CDATA[Authentification - Whereit]]>
              </value>
            </param>
          </params>
          <reporter-output>
          </reporter-output>
        </test-method> <!-- feature -->
        <test-method is-config="true" signature="tearDownClass()[pri:0, instance:com.e2eTests.whereitTest.TestRunner2@f99f5e0]" started-at="2021-03-11T15:53:46Z" name="tearDownClass" finished-at="2021-03-11T15:53:46Z" duration-ms="158" status="PASS">
          <reporter-output>
          </reporter-output>
        </test-method> <!-- tearDownClass -->
      </class> <!-- com.e2eTests.whereitTest.TestRunner2 -->
    </test> <!-- Default test -->
  </suite> <!-- Default suite -->
</testng-results>
